<?xml version="1.0" encoding="UTF-8"?>
<!-- Generated by org.testng.reporters.JUnitXMLReporter -->
<testsuite hostname="PankajKumar-HP" ignored="3" name="Login_Test" tests="1" failures="0" timestamp="11 Jun 2020 17:01:09 GMT" time="0.002" errors="0">
  <testcase name="Test_Login2" time="0.001" classname="Demo_jenkins.login_test"/>
  <testcase name="Test_Login4" time="0.0" classname="Demo_jenkins.login_test">
    <ignored/>
  </testcase> <!-- Test_Login4 -->
  <testcase name="Test_Login1" time="0.0" classname="Demo_jenkins.login_test">
    <ignored/>
  </testcase> <!-- Test_Login1 -->
  <testcase name="Test_Login3" time="0.0" classname="Demo_jenkins.login_test">
    <ignored/>
  </testcase> <!-- Test_Login3 -->
</testsuite> <!-- Login_Test -->
